-------------------------------------------------------------------------------
Test set: main.KalkulatorUnitTest
-------------------------------------------------------------------------------
Tests run: 7, Failures: 1, Errors: 0, Skipped: 0, Time elapsed: 0.235 sec <<< FAILURE! - in main.KalkulatorUnitTest
test7()  Time elapsed: 0.047 sec  <<< FAILURE!
org.opentest4j.AssertionFailedError: expected: <0.3000000000000007> but was: <0.3>
	at main.KalkulatorUnitTest.test7(KalkulatorUnitTest.java:76)

