<?xml version="1.0" encoding="UTF-8"?>
<testsuite xmlns:xsi="http://www.w3.org/2001/XMLSchema-instance" xsi:schemaLocation="https://maven.apache.org/surefire/maven-surefire-plugin/xsd/surefire-test-report.xsd" name="zadanie2.CacheTest" time="0.187" tests="4" errors="0" skipped="0" failures="0">
  <properties>
[...]
</properties>
  <testcase name="testCache1" classname="zadanie2.CacheTest" time="0.031"/>
  <testcase name="testCache2" classname="zadanie2.CacheTest" time="0"/>
  <testcase name="testCache3" classname="zadanie2.CacheTest" time="0"/>
  <testcase name="testCache4" classname="zadanie2.CacheTest" time="0"/>
</testsuite>